{"D:\\workspaces\\huevo-weather\\model\\src\\weather.service.ts": {"path":"D:\\workspaces\\huevo-weather\\model\\src\\weather.service.ts","statementMap":{"0":{"start":{"line":1,"column":0},"end":{"line":1,"column":25}},"1":{"start":{"line":3,"column":0},"end":{"line":3,"column":45}},"2":{"start":{"line":5,"column":0},"end":{"line":5,"column":13}},"3":{"start":{"line":11,"column":4},"end":{"line":11,"column":null}},"4":{"start":{"line":12,"column":16},"end":{"line":12,"column":46}},"5":{"start":{"line":13,"column":4},"end":{"line":13,"column":null}},"6":{"start":{"line":16,"column":2},"end":{"line":20,"column":null}},"7":{"start":{"line":17,"column":18},"end":{"line":17,"column":60}},"8":{"start":{"line":19,"column":4},"end":{"line":19,"column":null}},"9":{"start":{"line":22,"column":0},"end":{"line":22,"column":null}},"10":{"start":{"line":5,"column":13},"end":{"line":5,"column":27}}},"fnMap":{"0":{"name":"(anonymous_1)","decl":{"start":{"line":5,"column":0},"end":{"line":5,"column":13}},"loc":{"start":{"line":5,"column":0},"end":{"line":22,"column":null}}},"1":{"name":"WeatherService","decl":{"start":{"line":10,"column":2},"end":{"line":10,"column":null}},"loc":{"start":{"line":10,"column":2},"end":{"line":14,"column":3}}},"2":{"name":"(anonymous_3)","decl":{"start":{"line":16,"column":2},"end":{"line":16,"column":25}},"loc":{"start":{"line":16,"column":60},"end":{"line":20,"column":3}}}},"branchMap":{},"s":{"0":1,"1":1,"2":1,"3":1,"4":1,"5":1,"6":1,"7":2,"8":2,"9":1,"10":1},"f":{"0":1,"1":1,"2":2},"b":{}}
,"D:\\workspaces\\huevo-weather\\model\\src\\dto\\current-weather.mock.ts": {"path":"D:\\workspaces\\huevo-weather\\model\\src\\dto\\current-weather.mock.ts","statementMap":{"0":{"start":{"line":3,"column":13},"end":{"line":16,"column":null}}},"fnMap":{},"branchMap":{},"s":{"0":1},"f":{},"b":{}}
,"D:\\workspaces\\huevo-weather\\model\\src\\utils\\environment.ts": {"path":"D:\\workspaces\\huevo-weather\\model\\src\\utils\\environment.ts","statementMap":{"0":{"start":{"line":1,"column":0},"end":{"line":9,"column":null}}},"fnMap":{},"branchMap":{},"s":{"0":1},"f":{},"b":{}}
}
