TN:
SF:D:\workspaces\huevo-weather\model\src\weather.service.ts
FN:5,(anonymous_1)
FN:10,WeatherService
FN:16,(anonymous_3)
FNF:3
FNH:3
FNDA:1,(anonymous_1)
FNDA:1,WeatherService
FNDA:2,(anonymous_3)
DA:1,1
DA:3,1
DA:5,1
DA:11,1
DA:12,1
DA:13,1
DA:16,1
DA:17,2
DA:19,2
DA:22,1
LF:10
LH:10
BRF:0
BRH:0
end_of_record
TN:
SF:D:\workspaces\huevo-weather\model\src\dto\current-weather.mock.ts
FNF:0
FNH:0
DA:3,1
LF:1
LH:1
BRF:0
BRH:0
end_of_record
TN:
SF:D:\workspaces\huevo-weather\model\src\utils\environment.ts
FNF:0
FNH:0
DA:1,1
LF:1
LH:1
BRF:0
BRH:0
end_of_record
